<?xml version="1.0" encoding="UTF-8"?>
<!-- Generated by org.testng.reporters.JUnitReportReporter -->
<testsuite hostname="home.local" failures="0" tests="1" name="tests.ProductSearchTest" time="16.945" errors="0" timestamp="2025-05-12T01:04:52 EEST" skipped="0">
  <testcase classname="tests.ProductSearchTest" name="testVerifyThatItemWithCurrentNameIsExistInList" time="16.945"/>
</testsuite> <!-- tests.ProductSearchTest -->
