<?xml version="1.0" encoding="UTF-8"?>
<!-- Generated by org.testng.reporters.JUnitReportReporter -->
<testsuite hostname="home.local" failures="0" tests="1" name="tests.AddToCartTest" time="16.239" errors="0" timestamp="2025-05-12T01:04:52 EEST" skipped="0">
  <testcase classname="tests.AddToCartTest" name="testAddProductTo" time="16.239"/>
</testsuite> <!-- tests.AddToCartTest -->
