<?xml version="1.0" encoding="UTF-8"?>
<!-- Generated by org.testng.reporters.JUnitReportReporter -->
<testsuite hostname="home.local" failures="0" tests="1" name="tests.FilterByBrandTest" time="18.659" errors="0" timestamp="2025-05-12T01:04:52 EEST" skipped="0">
  <testcase classname="tests.FilterByBrandTest" name="testFilterByBrandSamsung" time="18.659"/>
</testsuite> <!-- tests.FilterByBrandTest -->
